<?xml version="1.0" encoding="UTF-8" standalone="yes"?>
<testsuites name="Multiple Test cases" time="82" tests="2" failures="1" errors="0">
    <testsuite name="Multiple Test cases" tests="2" failures="1" errors="0" time="82" timestamp="2019-11-25 16:37:10" hostname="hemavathi - MSDES05.ad.matryxsoft.com" id="Test Suites/Multiple Test cases">
        <properties>
            <property name="deviceName" value=""/>
            <property name="devicePlatform" value=""/>
            <property name="logFolder" value="D:\\Katalon sample projects\\Sample\\Reports\\20191125_163703\\Multiple Test cases\\20191125_163703"/>
            <property name="logFiles" value="D:\\Katalon sample projects\\Sample\\Reports\\20191125_163703\\Multiple Test cases\\20191125_163703\\execution0.log"/>
            <property name="attachments" value="D:\\Katalon sample projects\\Sample\\Reports\\20191125_163703\\Multiple Test cases\\20191125_163703\\1574680078598.png, D:\\Katalon sample projects\\Sample\\Reports\\20191125_163703\\Multiple Test cases\\20191125_163703\\1574680078724.png"/>
            <property name="hostName" value="hemavathi - MSDES05.ad.matryxsoft.com"/>
            <property name="os" value="Windows 7 64bit"/>
            <property name="katalonVersion" value="6.3.3.11"/>
            <property name="browser" value="Firefox 69.0"/>
            <property name="hostAddress" value="10.10.20.4"/>
            <property name="sessionId" value="e27e5506-849d-4348-a220-2b2141661899"/>
            <property name="seleniumVersion" value="3.141.59"/>
            <property name="proxyInformation" value="ProxyInformation{proxyOption=NO_PROXY, proxyServerType=HTTP, password=, proxyServerAddress=, proxyServerPort=0}"/>
            <property name="platform" value="Windows 7"/>
        </properties>
        <testcase name="Test Cases/ManualMode/Test2_ManualMode" classname="Test Cases/ManualMode/Test2_ManualMode" status="PASSED">
            <system-out>2019-11-25 16:37:10 - [TEST_CASE][PASSED] - Test Cases/ManualMode/Test2_ManualMode: Test Cases/ManualMode/Test2_ManualMode&#xD;
&#xD;
2019-11-25 16:37:11 - [TEST_STEP][PASSED] - openBrowser(URL): Browser is opened with url: 'http://executeautomation.com/demosite/Login.html'&#xD;
&#xD;
2019-11-25 16:37:11 - [MESSAGE][INFO] - Starting 'Firefox' driver&#xD;
&#xD;
2019-11-25 16:37:12 - [MESSAGE][INFO] - Action delay is set to 0 seconds&#xD;
&#xD;
2019-11-25 16:37:19 - [MESSAGE][PASSED] - Browser is opened with url: 'http://executeautomation.com/demosite/Login.html'&#xD;
&#xD;
2019-11-25 16:37:19 - [TEST_STEP][PASSED] - setText(findTestObject("Test2_OR/Page_Execute Automation/input_Login_UserName"), username): Text 'admin' is set on object 'Object Repository/Test2_OR/Page_Execute Automation/input_Login_UserName'&#xD;
&#xD;
2019-11-25 16:37:20 - [MESSAGE][PASSED] - Text 'admin' is set on object 'Object Repository/Test2_OR/Page_Execute Automation/input_Login_UserName'&#xD;
&#xD;
2019-11-25 16:37:20 - [TEST_STEP][PASSED] - setText(findTestObject("Test2_OR/Page_Execute Automation/input_Login_Password"), password): Text 'admin' is set on object 'Object Repository/Test2_OR/Page_Execute Automation/input_Login_Password'&#xD;
&#xD;
2019-11-25 16:37:20 - [MESSAGE][PASSED] - Text 'admin' is set on object 'Object Repository/Test2_OR/Page_Execute Automation/input_Login_Password'&#xD;
&#xD;
2019-11-25 16:37:20 - [TEST_STEP][PASSED] - click(findTestObject("Test2_OR/Page_Execute Automation/input_Login_Login")): Object: 'Object Repository/Test2_OR/Page_Execute Automation/input_Login_Login' is clicked on&#xD;
&#xD;
2019-11-25 16:37:20 - [MESSAGE][PASSED] - Object: 'Object Repository/Test2_OR/Page_Execute Automation/input_Login_Login' is clicked on&#xD;
&#xD;
2019-11-25 16:37:20 - [TEST_STEP][PASSED] - selectOptionByValue(findTestObject("Test2_OR/Page_Execute Automation/select_SelectMrMs"), "2", true): All options with value '2' are selected in object 'Object Repository/Test2_OR/Page_Execute Automation/select_SelectMrMs'  using regular expression&#xD;
&#xD;
2019-11-25 16:37:21 - [MESSAGE][PASSED] - All options with value '2' are selected in object 'Object Repository/Test2_OR/Page_Execute Automation/select_SelectMrMs'  using regular expression&#xD;
&#xD;
2019-11-25 16:37:21 - [TEST_STEP][PASSED] - setText(findTestObject("Test2_OR/Page_Execute Automation/input_Initial_Initial"), "N"): Text 'N' is set on object 'Object Repository/Test2_OR/Page_Execute Automation/input_Initial_Initial'&#xD;
&#xD;
2019-11-25 16:37:21 - [MESSAGE][PASSED] - Text 'N' is set on object 'Object Repository/Test2_OR/Page_Execute Automation/input_Initial_Initial'&#xD;
&#xD;
2019-11-25 16:37:21 - [TEST_STEP][PASSED] - setText(findTestObject("Test2_OR/Page_Execute Automation/input__FirstName"), "Hema"): Text 'Hema' is set on object 'Object Repository/Test2_OR/Page_Execute Automation/input__FirstName'&#xD;
&#xD;
2019-11-25 16:37:21 - [MESSAGE][PASSED] - Text 'Hema' is set on object 'Object Repository/Test2_OR/Page_Execute Automation/input__FirstName'&#xD;
&#xD;
2019-11-25 16:37:21 - [TEST_STEP][PASSED] - setText(findTestObject("Test2_OR/Page_Execute Automation/input_Middle Name_MiddleName"), "vathi"): Text 'vathi' is set on object 'Object Repository/Test2_OR/Page_Execute Automation/input_Middle Name_MiddleName'&#xD;
&#xD;
2019-11-25 16:37:21 - [MESSAGE][PASSED] - Text 'vathi' is set on object 'Object Repository/Test2_OR/Page_Execute Automation/input_Middle Name_MiddleName'&#xD;
&#xD;
2019-11-25 16:37:21 - [TEST_STEP][PASSED] - click(findTestObject("Test2_OR/Page_Execute Automation/input_MaleFemale_Female")): Object: 'Object Repository/Test2_OR/Page_Execute Automation/input_MaleFemale_Female' is clicked on&#xD;
&#xD;
2019-11-25 16:37:22 - [MESSAGE][PASSED] - Object: 'Object Repository/Test2_OR/Page_Execute Automation/input_MaleFemale_Female' is clicked on&#xD;
&#xD;
2019-11-25 16:37:22 - [TEST_STEP][PASSED] - click(findTestObject("Test2_OR/Page_Execute Automation/input_EnglishHindi_english")): Object: 'Object Repository/Test2_OR/Page_Execute Automation/input_EnglishHindi_english' is clicked on&#xD;
&#xD;
2019-11-25 16:37:22 - [MESSAGE][PASSED] - Object: 'Object Repository/Test2_OR/Page_Execute Automation/input_EnglishHindi_english' is clicked on&#xD;
&#xD;
2019-11-25 16:37:22 - [TEST_STEP][PASSED] - click(findTestObject("Test2_OR/Page_Execute Automation/input_EnglishHindi_Save")): Object: 'Object Repository/Test2_OR/Page_Execute Automation/input_EnglishHindi_Save' is clicked on&#xD;
&#xD;
2019-11-25 16:37:22 - [MESSAGE][PASSED] - Object: 'Object Repository/Test2_OR/Page_Execute Automation/input_EnglishHindi_Save' is clicked on&#xD;
&#xD;
2019-11-25 16:37:22 - [TEST_STEP][PASSED] - closeBrowser(): Browser is closed&#xD;
&#xD;
2019-11-25 16:37:25 - [MESSAGE][PASSED] - Browser is closed</system-out>
            <system-err></system-err>
        </testcase>
        <testcase name="Test Cases/DataDrivenTest/Test5_DatadrivenTest" classname="Test Cases/DataDrivenTest/Test5_DatadrivenTest" status="FAILED">
            <failure type="FAILED" message="Test Cases/DataDrivenTest/Test5_DatadrivenTest FAILED.&#xA;Reason:&#xA;com.kms.katalon.core.exception.StepFailedException: Unable to accept alert&#xD;&#xA;&#x9;at com.kms.katalon.core.webui.keyword.internal.WebUIKeywordMain.stepFailed(WebUIKeywordMain.groovy:64)&#xD;&#xA;&#x9;at com.kms.katalon.core.webui.keyword.internal.WebUIKeywordMain.runKeyword(WebUIKeywordMain.groovy:26)&#xD;&#xA;&#x9;at com.kms.katalon.core.webui.keyword.builtin.AcceptAlertKeyword.acceptAlert(AcceptAlertKeyword.groovy:71)&#xD;&#xA;&#x9;at com.kms.katalon.core.webui.keyword.builtin.AcceptAlertKeyword.execute(AcceptAlertKeyword.groovy:66)&#xD;&#xA;&#x9;at com.kms.katalon.core.keyword.internal.KeywordExecutor.executeKeywordForPlatform(KeywordExecutor.groovy:56)&#xD;&#xA;&#x9;at com.kms.katalon.core.webui.keyword.WebUiBuiltInKeywords.acceptAlert(WebUiBuiltInKeywords.groovy:1492)&#xD;&#xA;&#x9;at com.kms.katalon.core.webui.keyword.WebUiBuiltInKeywords$acceptAlert$5.call(Unknown Source)&#xD;&#xA;&#x9;at Test5_DatadrivenTest.run(Test5_DatadrivenTest:33)&#xD;&#xA;&#x9;at com.kms.katalon.core.main.ScriptEngine.run(ScriptEngine.java:194)&#xD;&#xA;&#x9;at com.kms.katalon.core.main.ScriptEngine.runScriptAsRawText(ScriptEngine.java:119)&#xD;&#xA;&#x9;at com.kms.katalon.core.main.TestCaseExecutor.runScript(TestCaseExecutor.java:337)&#xD;&#xA;&#x9;at com.kms.katalon.core.main.TestCaseExecutor.doExecute(TestCaseExecutor.java:328)&#xD;&#xA;&#x9;at com.kms.katalon.core.main.TestCaseExecutor.processExecutionPhase(TestCaseExecutor.java:307)&#xD;&#xA;&#x9;at com.kms.katalon.core.main.TestCaseExecutor.accessMainPhase(TestCaseExecutor.java:299)&#xD;&#xA;&#x9;at com.kms.katalon.core.main.TestCaseExecutor.execute(TestCaseExecutor.java:233)&#xD;&#xA;&#x9;at com.kms.katalon.core.main.TestSuiteExecutor.accessTestCaseMainPhase(TestSuiteExecutor.java:169)&#xD;&#xA;&#x9;at com.kms.katalon.core.main.TestSuiteExecutor.accessTestSuiteMainPhase(TestSuiteExecutor.java:142)&#xD;&#xA;&#x9;at com.kms.katalon.core.main.TestSuiteExecutor.execute(TestSuiteExecutor.java:91)&#xD;&#xA;&#x9;at com.kms.katalon.core.main.TestCaseMain.startTestSuite(TestCaseMain.java:157)&#xD;&#xA;&#x9;at com.kms.katalon.core.main.TestCaseMain$startTestSuite$0.call(Unknown Source)&#xD;&#xA;&#x9;at TempTestSuite1574680023444.run(TempTestSuite1574680023444.groovy:35)&#xD;&#xA;Caused by: com.kms.katalon.core.exception.StepFailedException: No alert found&#xD;&#xA;&#x9;at com.kms.katalon.core.webui.keyword.internal.WebUIKeywordMain.stepFailed(WebUIKeywordMain.groovy:64)&#xD;&#xA;&#x9;at com.kms.katalon.core.webui.keyword.builtin.AcceptAlertKeyword$_acceptAlert_closure1.doCall(AcceptAlertKeyword.groovy:78)&#xD;&#xA;&#x9;at com.kms.katalon.core.webui.keyword.builtin.AcceptAlertKeyword$_acceptAlert_closure1.call(AcceptAlertKeyword.groovy)&#xD;&#xA;&#x9;at com.kms.katalon.core.webui.keyword.internal.WebUIKeywordMain.runKeyword(WebUIKeywordMain.groovy:20)&#xD;&#xA;&#x9;... 19 more&#xD;&#xA;"/>
            <system-out>2019-11-25 16:37:27 - [TEST_CASE][FAILED] - Test Cases/DataDrivenTest/Test5_DatadrivenTest: Test Cases/DataDrivenTest/Test5_DatadrivenTest FAILED.
Reason:
com.kms.katalon.core.exception.StepFailedException: Unable to accept alert&#xD;
	at com.kms.katalon.core.webui.keyword.internal.WebUIKeywordMain.stepFailed(WebUIKeywordMain.groovy:64)&#xD;
	at com.kms.katalon.core.webui.keyword.internal.WebUIKeywordMain.runKeyword(WebUIKeywordMain.groovy:26)&#xD;
	at com.kms.katalon.core.webui.keyword.builtin.AcceptAlertKeyword.acceptAlert(AcceptAlertKeyword.groovy:71)&#xD;
	at com.kms.katalon.core.webui.keyword.builtin.AcceptAlertKeyword.execute(AcceptAlertKeyword.groovy:66)&#xD;
	at com.kms.katalon.core.keyword.internal.KeywordExecutor.executeKeywordForPlatform(KeywordExecutor.groovy:56)&#xD;
	at com.kms.katalon.core.webui.keyword.WebUiBuiltInKeywords.acceptAlert(WebUiBuiltInKeywords.groovy:1492)&#xD;
	at com.kms.katalon.core.webui.keyword.WebUiBuiltInKeywords$acceptAlert$5.call(Unknown Source)&#xD;
	at Test5_DatadrivenTest.run(Test5_DatadrivenTest:33)&#xD;
	at com.kms.katalon.core.main.ScriptEngine.run(ScriptEngine.java:194)&#xD;
	at com.kms.katalon.core.main.ScriptEngine.runScriptAsRawText(ScriptEngine.java:119)&#xD;
	at com.kms.katalon.core.main.TestCaseExecutor.runScript(TestCaseExecutor.java:337)&#xD;
	at com.kms.katalon.core.main.TestCaseExecutor.doExecute(TestCaseExecutor.java:328)&#xD;
	at com.kms.katalon.core.main.TestCaseExecutor.processExecutionPhase(TestCaseExecutor.java:307)&#xD;
	at com.kms.katalon.core.main.TestCaseExecutor.accessMainPhase(TestCaseExecutor.java:299)&#xD;
	at com.kms.katalon.core.main.TestCaseExecutor.execute(TestCaseExecutor.java:233)&#xD;
	at com.kms.katalon.core.main.TestSuiteExecutor.accessTestCaseMainPhase(TestSuiteExecutor.java:169)&#xD;
	at com.kms.katalon.core.main.TestSuiteExecutor.accessTestSuiteMainPhase(TestSuiteExecutor.java:142)&#xD;
	at com.kms.katalon.core.main.TestSuiteExecutor.execute(TestSuiteExecutor.java:91)&#xD;
	at com.kms.katalon.core.main.TestCaseMain.startTestSuite(TestCaseMain.java:157)&#xD;
	at com.kms.katalon.core.main.TestCaseMain$startTestSuite$0.call(Unknown Source)&#xD;
	at TempTestSuite1574680023444.run(TempTestSuite1574680023444.groovy:35)&#xD;
Caused by: com.kms.katalon.core.exception.StepFailedException: No alert found&#xD;
	at com.kms.katalon.core.webui.keyword.internal.WebUIKeywordMain.stepFailed(WebUIKeywordMain.groovy:64)&#xD;
	at com.kms.katalon.core.webui.keyword.builtin.AcceptAlertKeyword$_acceptAlert_closure1.doCall(AcceptAlertKeyword.groovy:78)&#xD;
	at com.kms.katalon.core.webui.keyword.builtin.AcceptAlertKeyword$_acceptAlert_closure1.call(AcceptAlertKeyword.groovy)&#xD;
	at com.kms.katalon.core.webui.keyword.internal.WebUIKeywordMain.runKeyword(WebUIKeywordMain.groovy:20)&#xD;
	... 19 more&#xD;
&#xD;
&#xD;
2019-11-25 16:37:27 - [TEST_STEP][PASSED] - openBrowser(""): Browser is opened with url: ''&#xD;
&#xD;
2019-11-25 16:37:27 - [MESSAGE][INFO] - Starting 'Firefox' driver&#xD;
&#xD;
2019-11-25 16:37:32 - [MESSAGE][PASSED] - Browser is opened with url: ''&#xD;
&#xD;
2019-11-25 16:37:32 - [TEST_STEP][PASSED] - navigateToUrl(url): Navigate to 'https://www.phptravels.net/login' successfully&#xD;
&#xD;
2019-11-25 16:37:40 - [MESSAGE][PASSED] - Navigate to 'https://www.phptravels.net/login' successfully&#xD;
&#xD;
2019-11-25 16:37:40 - [TEST_STEP][PASSED] - for ([rowNum = 1, rowNum &lt;= findTestData("Data1").getRowNumbers(), (rowNum++)]): null&#xD;
&#xD;
2019-11-25 16:37:41 - [TEST_STEP][PASSED] - setText(findTestObject("Test5_OR/Page_Login/input_Email_username"), findTestData("Data1").getValue(1, rowNum)): Text 'user@phptravelsrange.com' is set on object 'Object Repository/Test5_OR/Page_Login/input_Email_username'&#xD;
&#xD;
2019-11-25 16:37:41 - [MESSAGE][PASSED] - Text 'user@phptravelsrange.com' is set on object 'Object Repository/Test5_OR/Page_Login/input_Email_username'&#xD;
&#xD;
2019-11-25 16:37:41 - [TEST_STEP][PASSED] - setText(findTestObject("Test5_OR/Page_Login/input_Password_password"), findTestData("Data1").getValue(2, rowNum)): Text '6weEYLVRi3+STmppai9GiQ==' is set on object 'Object Repository/Test5_OR/Page_Login/input_Password_password'&#xD;
&#xD;
2019-11-25 16:37:41 - [MESSAGE][PASSED] - Text '6weEYLVRi3+STmppai9GiQ==' is set on object 'Object Repository/Test5_OR/Page_Login/input_Password_password'&#xD;
&#xD;
2019-11-25 16:37:41 - [TEST_STEP][PASSED] - Thread.sleep(3000): null&#xD;
&#xD;
2019-11-25 16:37:44 - [TEST_STEP][PASSED] - setText(findTestObject("Test5_OR/Page_Login/input_Email_username"), findTestData("Data1").getValue(1, rowNum)): Text 'hema@gmail.com' is set on object 'Object Repository/Test5_OR/Page_Login/input_Email_username'&#xD;
&#xD;
2019-11-25 16:37:45 - [MESSAGE][PASSED] - Text 'hema@gmail.com' is set on object 'Object Repository/Test5_OR/Page_Login/input_Email_username'&#xD;
&#xD;
2019-11-25 16:37:45 - [TEST_STEP][PASSED] - setText(findTestObject("Test5_OR/Page_Login/input_Password_password"), findTestData("Data1").getValue(2, rowNum)): Text '6weEYLVRi3+STmppai9GiQ==' is set on object 'Object Repository/Test5_OR/Page_Login/input_Password_password'&#xD;
&#xD;
2019-11-25 16:37:45 - [MESSAGE][PASSED] - Text '6weEYLVRi3+STmppai9GiQ==' is set on object 'Object Repository/Test5_OR/Page_Login/input_Password_password'&#xD;
&#xD;
2019-11-25 16:37:45 - [TEST_STEP][PASSED] - Thread.sleep(3000): null&#xD;
&#xD;
2019-11-25 16:37:48 - [TEST_STEP][PASSED] - setText(findTestObject("Test5_OR/Page_Login/input_Email_username"), findTestData("Data1").getValue(1, rowNum)): Text 'veda@gmail.com' is set on object 'Object Repository/Test5_OR/Page_Login/input_Email_username'&#xD;
&#xD;
2019-11-25 16:37:48 - [MESSAGE][PASSED] - Text 'veda@gmail.com' is set on object 'Object Repository/Test5_OR/Page_Login/input_Email_username'&#xD;
&#xD;
2019-11-25 16:37:48 - [TEST_STEP][PASSED] - setText(findTestObject("Test5_OR/Page_Login/input_Password_password"), findTestData("Data1").getValue(2, rowNum)): Text 'veda123' is set on object 'Object Repository/Test5_OR/Page_Login/input_Password_password'&#xD;
&#xD;
2019-11-25 16:37:48 - [MESSAGE][PASSED] - Text 'veda123' is set on object 'Object Repository/Test5_OR/Page_Login/input_Password_password'&#xD;
&#xD;
2019-11-25 16:37:48 - [TEST_STEP][PASSED] - Thread.sleep(3000): null&#xD;
&#xD;
2019-11-25 16:37:51 - [TEST_STEP][PASSED] - setText(findTestObject("Test5_OR/Page_Login/input_Email_username"), findTestData("Data1").getValue(1, rowNum)): Text '' is set on object 'Object Repository/Test5_OR/Page_Login/input_Email_username'&#xD;
&#xD;
2019-11-25 16:37:51 - [MESSAGE][PASSED] - Text '' is set on object 'Object Repository/Test5_OR/Page_Login/input_Email_username'&#xD;
&#xD;
2019-11-25 16:37:51 - [TEST_STEP][PASSED] - setText(findTestObject("Test5_OR/Page_Login/input_Password_password"), findTestData("Data1").getValue(2, rowNum)): Text '' is set on object 'Object Repository/Test5_OR/Page_Login/input_Password_password'&#xD;
&#xD;
2019-11-25 16:37:51 - [MESSAGE][PASSED] - Text '' is set on object 'Object Repository/Test5_OR/Page_Login/input_Password_password'&#xD;
&#xD;
2019-11-25 16:37:51 - [TEST_STEP][PASSED] - Thread.sleep(3000): null&#xD;
&#xD;
2019-11-25 16:37:54 - [TEST_STEP][PASSED] - setText(findTestObject("Test5_OR/Page_Login/input_Email_username"), findTestData("Data1").getValue(1, rowNum)): Text '' is set on object 'Object Repository/Test5_OR/Page_Login/input_Email_username'&#xD;
&#xD;
2019-11-25 16:37:55 - [MESSAGE][PASSED] - Text '' is set on object 'Object Repository/Test5_OR/Page_Login/input_Email_username'&#xD;
&#xD;
2019-11-25 16:37:55 - [TEST_STEP][PASSED] - setText(findTestObject("Test5_OR/Page_Login/input_Password_password"), findTestData("Data1").getValue(2, rowNum)): Text '' is set on object 'Object Repository/Test5_OR/Page_Login/input_Password_password'&#xD;
&#xD;
2019-11-25 16:37:55 - [MESSAGE][PASSED] - Text '' is set on object 'Object Repository/Test5_OR/Page_Login/input_Password_password'&#xD;
&#xD;
2019-11-25 16:37:55 - [TEST_STEP][PASSED] - Thread.sleep(3000): null&#xD;
&#xD;
2019-11-25 16:37:58 - [TEST_STEP][PASSED] - click(findTestObject("Test5_OR/Page_Login/button_Login")): Object: 'Object Repository/Test5_OR/Page_Login/button_Login' is clicked on&#xD;
&#xD;
2019-11-25 16:37:58 - [MESSAGE][PASSED] - Object: 'Object Repository/Test5_OR/Page_Login/button_Login' is clicked on&#xD;
&#xD;
2019-11-25 16:37:58 - [TEST_STEP][FAILED] - acceptAlert(): Unable to accept alert (Root cause: com.kms.katalon.core.exception.StepFailedException: Unable to accept alert&#xD;
	at com.kms.katalon.core.webui.keyword.internal.WebUIKeywordMain.stepFailed(WebUIKeywordMain.groovy:64)&#xD;
	at com.kms.katalon.core.webui.keyword.internal.WebUIKeywordMain.runKeyword(WebUIKeywordMain.groovy:26)&#xD;
	at com.kms.katalon.core.webui.keyword.builtin.AcceptAlertKeyword.acceptAlert(AcceptAlertKeyword.groovy:71)&#xD;
	at com.kms.katalon.core.webui.keyword.builtin.AcceptAlertKeyword.execute(AcceptAlertKeyword.groovy:66)&#xD;
	at com.kms.katalon.core.keyword.internal.KeywordExecutor.executeKeywordForPlatform(KeywordExecutor.groovy:56)&#xD;
	at com.kms.katalon.core.webui.keyword.WebUiBuiltInKeywords.acceptAlert(WebUiBuiltInKeywords.groovy:1492)&#xD;
	at com.kms.katalon.core.webui.keyword.WebUiBuiltInKeywords$acceptAlert$5.call(Unknown Source)&#xD;
	at Test5_DatadrivenTest.run(Test5_DatadrivenTest:33)&#xD;
	at com.kms.katalon.core.main.ScriptEngine.run(ScriptEngine.java:194)&#xD;
	at com.kms.katalon.core.main.ScriptEngine.runScriptAsRawText(ScriptEngine.java:119)&#xD;
	at com.kms.katalon.core.main.TestCaseExecutor.runScript(TestCaseExecutor.java:337)&#xD;
	at com.kms.katalon.core.main.TestCaseExecutor.doExecute(TestCaseExecutor.java:328)&#xD;
	at com.kms.katalon.core.main.TestCaseExecutor.processExecutionPhase(TestCaseExecutor.java:307)&#xD;
	at com.kms.katalon.core.main.TestCaseExecutor.accessMainPhase(TestCaseExecutor.java:299)&#xD;
	at com.kms.katalon.core.main.TestCaseExecutor.execute(TestCaseExecutor.java:233)&#xD;
	at com.kms.katalon.core.main.TestSuiteExecutor.accessTestCaseMainPhase(TestSuiteExecutor.java:169)&#xD;
	at com.kms.katalon.core.main.TestSuiteExecutor.accessTestSuiteMainPhase(TestSuiteExecutor.java:142)&#xD;
	at com.kms.katalon.core.main.TestSuiteExecutor.execute(TestSuiteExecutor.java:91)&#xD;
	at com.kms.katalon.core.main.TestCaseMain.startTestSuite(TestCaseMain.java:157)&#xD;
	at com.kms.katalon.core.main.TestCaseMain$startTestSuite$0.call(Unknown Source)&#xD;
	at TempTestSuite1574680023444.run(TempTestSuite1574680023444.groovy:35)&#xD;
Caused by: com.kms.katalon.core.exception.StepFailedException: No alert found&#xD;
	at com.kms.katalon.core.webui.keyword.internal.WebUIKeywordMain.stepFailed(WebUIKeywordMain.groovy:64)&#xD;
	at com.kms.katalon.core.webui.keyword.builtin.AcceptAlertKeyword$_acceptAlert_closure1.doCall(AcceptAlertKeyword.groovy:78)&#xD;
	at com.kms.katalon.core.webui.keyword.builtin.AcceptAlertKeyword$_acceptAlert_closure1.call(AcceptAlertKeyword.groovy)&#xD;
	at com.kms.katalon.core.webui.keyword.internal.WebUIKeywordMain.runKeyword(WebUIKeywordMain.groovy:20)&#xD;
	... 19 more&#xD;
)&#xD;
&#xD;
2019-11-25 16:37:58 - [MESSAGE][FAILED] - No alert found (Root cause: com.kms.katalon.core.exception.StepFailedException: No alert found&#xD;
	at com.kms.katalon.core.webui.keyword.internal.WebUIKeywordMain.stepFailed(WebUIKeywordMain.groovy:64)&#xD;
	at com.kms.katalon.core.webui.keyword.builtin.AcceptAlertKeyword$_acceptAlert_closure1.doCall(AcceptAlertKeyword.groovy:78)&#xD;
	at com.kms.katalon.core.webui.keyword.builtin.AcceptAlertKeyword$_acceptAlert_closure1.call(AcceptAlertKeyword.groovy)&#xD;
	at com.kms.katalon.core.webui.keyword.internal.WebUIKeywordMain.runKeyword(WebUIKeywordMain.groovy:20)&#xD;
	at com.kms.katalon.core.webui.keyword.builtin.AcceptAlertKeyword.acceptAlert(AcceptAlertKeyword.groovy:71)&#xD;
	at com.kms.katalon.core.webui.keyword.builtin.AcceptAlertKeyword.execute(AcceptAlertKeyword.groovy:66)&#xD;
	at com.kms.katalon.core.keyword.internal.KeywordExecutor.executeKeywordForPlatform(KeywordExecutor.groovy:56)&#xD;
	at com.kms.katalon.core.webui.keyword.WebUiBuiltInKeywords.acceptAlert(WebUiBuiltInKeywords.groovy:1492)&#xD;
	at com.kms.katalon.core.webui.keyword.WebUiBuiltInKeywords$acceptAlert$5.call(Unknown Source)&#xD;
	at Test5_DatadrivenTest.run(Test5_DatadrivenTest:33)&#xD;
	at com.kms.katalon.core.main.ScriptEngine.run(ScriptEngine.java:194)&#xD;
	at com.kms.katalon.core.main.ScriptEngine.runScriptAsRawText(ScriptEngine.java:119)&#xD;
	at com.kms.katalon.core.main.TestCaseExecutor.runScript(TestCaseExecutor.java:337)&#xD;
	at com.kms.katalon.core.main.TestCaseExecutor.doExecute(TestCaseExecutor.java:328)&#xD;
	at com.kms.katalon.core.main.TestCaseExecutor.processExecutionPhase(TestCaseExecutor.java:307)&#xD;
	at com.kms.katalon.core.main.TestCaseExecutor.accessMainPhase(TestCaseExecutor.java:299)&#xD;
	at com.kms.katalon.core.main.TestCaseExecutor.execute(TestCaseExecutor.java:233)&#xD;
	at com.kms.katalon.core.main.TestSuiteExecutor.accessTestCaseMainPhase(TestSuiteExecutor.java:169)&#xD;
	at com.kms.katalon.core.main.TestSuiteExecutor.accessTestSuiteMainPhase(TestSuiteExecutor.java:142)&#xD;
	at com.kms.katalon.core.main.TestSuiteExecutor.execute(TestSuiteExecutor.java:91)&#xD;
	at com.kms.katalon.core.main.TestCaseMain.startTestSuite(TestCaseMain.java:157)&#xD;
	at com.kms.katalon.core.main.TestCaseMain$startTestSuite$0.call(Unknown Source)&#xD;
	at TempTestSuite1574680023444.run(TempTestSuite1574680023444.groovy:35)&#xD;
)&#xD;
[[ATTACHMENT|D:\\Katalon sample projects\\Sample\\Reports\\20191125_163703\\Multiple Test cases\\20191125_163703\\1574680078598.png]]&#xD;
&#xD;
2019-11-25 16:37:58 - [MESSAGE][FAILED] - Unable to accept alert (Root cause: com.kms.katalon.core.exception.StepFailedException: Unable to accept alert&#xD;
	at com.kms.katalon.core.webui.keyword.internal.WebUIKeywordMain.stepFailed(WebUIKeywordMain.groovy:64)&#xD;
	at com.kms.katalon.core.webui.keyword.internal.WebUIKeywordMain.runKeyword(WebUIKeywordMain.groovy:26)&#xD;
	at com.kms.katalon.core.webui.keyword.builtin.AcceptAlertKeyword.acceptAlert(AcceptAlertKeyword.groovy:71)&#xD;
	at com.kms.katalon.core.webui.keyword.builtin.AcceptAlertKeyword.execute(AcceptAlertKeyword.groovy:66)&#xD;
	at com.kms.katalon.core.keyword.internal.KeywordExecutor.executeKeywordForPlatform(KeywordExecutor.groovy:56)&#xD;
	at com.kms.katalon.core.webui.keyword.WebUiBuiltInKeywords.acceptAlert(WebUiBuiltInKeywords.groovy:1492)&#xD;
	at com.kms.katalon.core.webui.keyword.WebUiBuiltInKeywords$acceptAlert$5.call(Unknown Source)&#xD;
	at Test5_DatadrivenTest.run(Test5_DatadrivenTest:33)&#xD;
	at com.kms.katalon.core.main.ScriptEngine.run(ScriptEngine.java:194)&#xD;
	at com.kms.katalon.core.main.ScriptEngine.runScriptAsRawText(ScriptEngine.java:119)&#xD;
	at com.kms.katalon.core.main.TestCaseExecutor.runScript(TestCaseExecutor.java:337)&#xD;
	at com.kms.katalon.core.main.TestCaseExecutor.doExecute(TestCaseExecutor.java:328)&#xD;
	at com.kms.katalon.core.main.TestCaseExecutor.processExecutionPhase(TestCaseExecutor.java:307)&#xD;
	at com.kms.katalon.core.main.TestCaseExecutor.accessMainPhase(TestCaseExecutor.java:299)&#xD;
	at com.kms.katalon.core.main.TestCaseExecutor.execute(TestCaseExecutor.java:233)&#xD;
	at com.kms.katalon.core.main.TestSuiteExecutor.accessTestCaseMainPhase(TestSuiteExecutor.java:169)&#xD;
	at com.kms.katalon.core.main.TestSuiteExecutor.accessTestSuiteMainPhase(TestSuiteExecutor.java:142)&#xD;
	at com.kms.katalon.core.main.TestSuiteExecutor.execute(TestSuiteExecutor.java:91)&#xD;
	at com.kms.katalon.core.main.TestCaseMain.startTestSuite(TestCaseMain.java:157)&#xD;
	at com.kms.katalon.core.main.TestCaseMain$startTestSuite$0.call(Unknown Source)&#xD;
	at TempTestSuite1574680023444.run(TempTestSuite1574680023444.groovy:35)&#xD;
Caused by: com.kms.katalon.core.exception.StepFailedException: No alert found&#xD;
	at com.kms.katalon.core.webui.keyword.internal.WebUIKeywordMain.stepFailed(WebUIKeywordMain.groovy:64)&#xD;
	at com.kms.katalon.core.webui.keyword.builtin.AcceptAlertKeyword$_acceptAlert_closure1.doCall(AcceptAlertKeyword.groovy:78)&#xD;
	at com.kms.katalon.core.webui.keyword.builtin.AcceptAlertKeyword$_acceptAlert_closure1.call(AcceptAlertKeyword.groovy)&#xD;
	at com.kms.katalon.core.webui.keyword.internal.WebUIKeywordMain.runKeyword(WebUIKeywordMain.groovy:20)&#xD;
	... 19 more&#xD;
)&#xD;
[[ATTACHMENT|D:\\Katalon sample projects\\Sample\\Reports\\20191125_163703\\Multiple Test cases\\20191125_163703\\1574680078724.png]]</system-out>
            <system-err>2019-11-25 16:37:27 - [TEST_CASE][FAILED] - Test Cases/DataDrivenTest/Test5_DatadrivenTest: Test Cases/DataDrivenTest/Test5_DatadrivenTest FAILED.
Reason:
com.kms.katalon.core.exception.StepFailedException: Unable to accept alert&#xD;
	at com.kms.katalon.core.webui.keyword.internal.WebUIKeywordMain.stepFailed(WebUIKeywordMain.groovy:64)&#xD;
	at com.kms.katalon.core.webui.keyword.internal.WebUIKeywordMain.runKeyword(WebUIKeywordMain.groovy:26)&#xD;
	at com.kms.katalon.core.webui.keyword.builtin.AcceptAlertKeyword.acceptAlert(AcceptAlertKeyword.groovy:71)&#xD;
	at com.kms.katalon.core.webui.keyword.builtin.AcceptAlertKeyword.execute(AcceptAlertKeyword.groovy:66)&#xD;
	at com.kms.katalon.core.keyword.internal.KeywordExecutor.executeKeywordForPlatform(KeywordExecutor.groovy:56)&#xD;
	at com.kms.katalon.core.webui.keyword.WebUiBuiltInKeywords.acceptAlert(WebUiBuiltInKeywords.groovy:1492)&#xD;
	at com.kms.katalon.core.webui.keyword.WebUiBuiltInKeywords$acceptAlert$5.call(Unknown Source)&#xD;
	at Test5_DatadrivenTest.run(Test5_DatadrivenTest:33)&#xD;
	at com.kms.katalon.core.main.ScriptEngine.run(ScriptEngine.java:194)&#xD;
	at com.kms.katalon.core.main.ScriptEngine.runScriptAsRawText(ScriptEngine.java:119)&#xD;
	at com.kms.katalon.core.main.TestCaseExecutor.runScript(TestCaseExecutor.java:337)&#xD;
	at com.kms.katalon.core.main.TestCaseExecutor.doExecute(TestCaseExecutor.java:328)&#xD;
	at com.kms.katalon.core.main.TestCaseExecutor.processExecutionPhase(TestCaseExecutor.java:307)&#xD;
	at com.kms.katalon.core.main.TestCaseExecutor.accessMainPhase(TestCaseExecutor.java:299)&#xD;
	at com.kms.katalon.core.main.TestCaseExecutor.execute(TestCaseExecutor.java:233)&#xD;
	at com.kms.katalon.core.main.TestSuiteExecutor.accessTestCaseMainPhase(TestSuiteExecutor.java:169)&#xD;
	at com.kms.katalon.core.main.TestSuiteExecutor.accessTestSuiteMainPhase(TestSuiteExecutor.java:142)&#xD;
	at com.kms.katalon.core.main.TestSuiteExecutor.execute(TestSuiteExecutor.java:91)&#xD;
	at com.kms.katalon.core.main.TestCaseMain.startTestSuite(TestCaseMain.java:157)&#xD;
	at com.kms.katalon.core.main.TestCaseMain$startTestSuite$0.call(Unknown Source)&#xD;
	at TempTestSuite1574680023444.run(TempTestSuite1574680023444.groovy:35)&#xD;
Caused by: com.kms.katalon.core.exception.StepFailedException: No alert found&#xD;
	at com.kms.katalon.core.webui.keyword.internal.WebUIKeywordMain.stepFailed(WebUIKeywordMain.groovy:64)&#xD;
	at com.kms.katalon.core.webui.keyword.builtin.AcceptAlertKeyword$_acceptAlert_closure1.doCall(AcceptAlertKeyword.groovy:78)&#xD;
	at com.kms.katalon.core.webui.keyword.builtin.AcceptAlertKeyword$_acceptAlert_closure1.call(AcceptAlertKeyword.groovy)&#xD;
	at com.kms.katalon.core.webui.keyword.internal.WebUIKeywordMain.runKeyword(WebUIKeywordMain.groovy:20)&#xD;
	... 19 more</system-err>
        </testcase>
        <testcase name="Test Cases/WebTable/WebTable - Performing Action" classname="Test Cases/WebTable/WebTable - Performing Action" status="PASSED">
            <system-out>2019-11-25 16:38:00 - [TEST_CASE][PASSED] - Test Cases/WebTable/WebTable - Performing Action: Test Cases/WebTable/WebTable - Performing Action&#xD;
&#xD;
2019-11-25 16:38:01 - [TEST_STEP][PASSED] - openBrowser(""): Browser is opened with url: ''&#xD;
&#xD;
2019-11-25 16:38:01 - [MESSAGE][WARNING] - A browser is already opened. Closing browser and opening a new one&#xD;
&#xD;
2019-11-25 16:38:03 - [MESSAGE][INFO] - Starting 'Firefox' driver&#xD;
&#xD;
2019-11-25 16:38:08 - [MESSAGE][PASSED] - Browser is opened with url: ''&#xD;
&#xD;
2019-11-25 16:38:08 - [TEST_STEP][PASSED] - navigateToUrl("https://www.espn.in/mlb/team/depth/_/name/bos"): Navigate to 'https://www.espn.in/mlb/team/depth/_/name/bos' successfully&#xD;
&#xD;
2019-11-25 16:38:17 - [MESSAGE][PASSED] - Navigate to 'https://www.espn.in/mlb/team/depth/_/name/bos' successfully&#xD;
&#xD;
2019-11-25 16:38:17 - [TEST_STEP][PASSED] - waitForPageLoad(10): Wait for page load successfully&#xD;
&#xD;
2019-11-25 16:38:17 - [MESSAGE][PASSED] - Wait for page load successfully&#xD;
&#xD;
2019-11-25 16:38:17 - [TEST_STEP][PASSED] - maximizeWindow(): Current window maximized&#xD;
&#xD;
2019-11-25 16:38:17 - [MESSAGE][PASSED] - Current window maximized&#xD;
&#xD;
2019-11-25 16:38:17 - [TEST_STEP][PASSED] - driver = getWebDriver(): null&#xD;
&#xD;
2019-11-25 16:38:17 - [TEST_STEP][PASSED] - ExpectedValue = "Heath Hembree": null&#xD;
&#xD;
2019-11-25 16:38:17 - [TEST_STEP][PASSED] - Table = driver.findElement(By.xpath("/html/body/div[1]/div/div/div/div/div[5]/div[2]/div[5]/div[1]/div[1]/section/div/section/div[2]/div[1]/section/div[2]/div/div[2]/table")): null&#xD;
&#xD;
2019-11-25 16:38:18 - [TEST_STEP][PASSED] - rows_table = Table.findElements(By.tagName("tr")): null&#xD;
&#xD;
2019-11-25 16:38:18 - [TEST_STEP][PASSED] - rows_count = rows_table.size(): null&#xD;
&#xD;
2019-11-25 16:38:18 - [TEST_STEP][PASSED] - println(rows_count): null&#xD;
&#xD;
2019-11-25 16:38:18 - [TEST_STEP][PASSED] - Value = false: null&#xD;
&#xD;
2019-11-25 16:38:18 - [TEST_STEP][PASSED] - for ([i = 0, i &lt; rows_count, (i++)]): null&#xD;
&#xD;
2019-11-25 16:38:18 - [TEST_STEP][PASSED] - Columns_row = get(i).findElements(By.tagName("td")): null&#xD;
&#xD;
2019-11-25 16:38:18 - [TEST_STEP][PASSED] - columns_count = Columns_row.size(): null&#xD;
&#xD;
2019-11-25 16:38:18 - [TEST_STEP][PASSED] - println("Number of cells In Row " + i + " are " + columns_count): null&#xD;
&#xD;
2019-11-25 16:38:18 - [TEST_STEP][PASSED] - for ([j = 0, j &lt; columns_count, (j++)]): null&#xD;
&#xD;
2019-11-25 16:38:18 - [TEST_STEP][PASSED] - if (Value == true): null&#xD;
&#xD;
2019-11-25 16:38:18 - [TEST_STEP][PASSED] - Columns_row = get(i).findElements(By.tagName("td")): null&#xD;
&#xD;
2019-11-25 16:38:18 - [TEST_STEP][PASSED] - columns_count = Columns_row.size(): null&#xD;
&#xD;
2019-11-25 16:38:18 - [TEST_STEP][PASSED] - println("Number of cells In Row " + i + " are " + columns_count): null&#xD;
&#xD;
2019-11-25 16:38:18 - [TEST_STEP][PASSED] - for ([j = 0, j &lt; columns_count, (j++)]): null&#xD;
&#xD;
2019-11-25 16:38:18 - [TEST_STEP][PASSED] - celltext = get(j).getText(): null&#xD;
&#xD;
2019-11-25 16:38:18 - [TEST_STEP][PASSED] - println("Cell Value Of row number " + i + " and column number " + j + " Is " + celltext): null&#xD;
&#xD;
2019-11-25 16:38:18 - [TEST_STEP][PASSED] - if (Value == false): null&#xD;
&#xD;
2019-11-25 16:38:18 - [TEST_STEP][PASSED] - if (celltext == ExpectedValue): null&#xD;
&#xD;
2019-11-25 16:38:18 - [TEST_STEP][PASSED] - celltext = get(j).getText(): null&#xD;
&#xD;
2019-11-25 16:38:18 - [TEST_STEP][PASSED] - println("Cell Value Of row number " + i + " and column number " + j + " Is " + celltext): null&#xD;
&#xD;
2019-11-25 16:38:18 - [TEST_STEP][PASSED] - if (Value == false): null&#xD;
&#xD;
2019-11-25 16:38:18 - [TEST_STEP][PASSED] - if (celltext == ExpectedValue): null&#xD;
&#xD;
2019-11-25 16:38:18 - [TEST_STEP][PASSED] - celltext = get(j).getText(): null&#xD;
&#xD;
2019-11-25 16:38:18 - [TEST_STEP][PASSED] - println("Cell Value Of row number " + i + " and column number " + j + " Is " + celltext): null&#xD;
&#xD;
2019-11-25 16:38:18 - [TEST_STEP][PASSED] - if (Value == false): null&#xD;
&#xD;
2019-11-25 16:38:18 - [TEST_STEP][PASSED] - if (celltext == ExpectedValue): null&#xD;
&#xD;
2019-11-25 16:38:18 - [TEST_STEP][PASSED] - celltext = get(j).getText(): null&#xD;
&#xD;
2019-11-25 16:38:18 - [TEST_STEP][PASSED] - println("Cell Value Of row number " + i + " and column number " + j + " Is " + celltext): null&#xD;
&#xD;
2019-11-25 16:38:18 - [TEST_STEP][PASSED] - if (Value == false): null&#xD;
&#xD;
2019-11-25 16:38:18 - [TEST_STEP][PASSED] - if (celltext == ExpectedValue): null&#xD;
&#xD;
2019-11-25 16:38:18 - [TEST_STEP][PASSED] - celltext = get(j).getText(): null&#xD;
&#xD;
2019-11-25 16:38:18 - [TEST_STEP][PASSED] - println("Cell Value Of row number " + i + " and column number " + j + " Is " + celltext): null&#xD;
&#xD;
2019-11-25 16:38:18 - [TEST_STEP][PASSED] - if (Value == false): null&#xD;
&#xD;
2019-11-25 16:38:18 - [TEST_STEP][PASSED] - if (celltext == ExpectedValue): null&#xD;
&#xD;
2019-11-25 16:38:18 - [TEST_STEP][PASSED] - if (Value == true): null&#xD;
&#xD;
2019-11-25 16:38:18 - [TEST_STEP][PASSED] - Columns_row = get(i).findElements(By.tagName("td")): null&#xD;
&#xD;
2019-11-25 16:38:18 - [TEST_STEP][PASSED] - columns_count = Columns_row.size(): null&#xD;
&#xD;
2019-11-25 16:38:18 - [TEST_STEP][PASSED] - println("Number of cells In Row " + i + " are " + columns_count): null&#xD;
&#xD;
2019-11-25 16:38:18 - [TEST_STEP][PASSED] - for ([j = 0, j &lt; columns_count, (j++)]): null&#xD;
&#xD;
2019-11-25 16:38:18 - [TEST_STEP][PASSED] - celltext = get(j).getText(): null&#xD;
&#xD;
2019-11-25 16:38:18 - [TEST_STEP][PASSED] - println("Cell Value Of row number " + i + " and column number " + j + " Is " + celltext): null&#xD;
&#xD;
2019-11-25 16:38:18 - [TEST_STEP][PASSED] - if (Value == false): null&#xD;
&#xD;
2019-11-25 16:38:18 - [TEST_STEP][PASSED] - if (celltext == ExpectedValue): null&#xD;
&#xD;
2019-11-25 16:38:18 - [TEST_STEP][PASSED] - celltext = get(j).getText(): null&#xD;
&#xD;
2019-11-25 16:38:18 - [TEST_STEP][PASSED] - println("Cell Value Of row number " + i + " and column number " + j + " Is " + celltext): null&#xD;
&#xD;
2019-11-25 16:38:18 - [TEST_STEP][PASSED] - if (Value == false): null&#xD;
&#xD;
2019-11-25 16:38:18 - [TEST_STEP][PASSED] - if (celltext == ExpectedValue): null&#xD;
&#xD;
2019-11-25 16:38:18 - [TEST_STEP][PASSED] - celltext = get(j).getText(): null&#xD;
&#xD;
2019-11-25 16:38:18 - [TEST_STEP][PASSED] - println("Cell Value Of row number " + i + " and column number " + j + " Is " + celltext): null&#xD;
&#xD;
2019-11-25 16:38:18 - [TEST_STEP][PASSED] - if (Value == false): null&#xD;
&#xD;
2019-11-25 16:38:18 - [TEST_STEP][PASSED] - if (celltext == ExpectedValue): null&#xD;
&#xD;
2019-11-25 16:38:18 - [TEST_STEP][PASSED] - celltext = get(j).getText(): null&#xD;
&#xD;
2019-11-25 16:38:18 - [TEST_STEP][PASSED] - println("Cell Value Of row number " + i + " and column number " + j + " Is " + celltext): null&#xD;
&#xD;
2019-11-25 16:38:18 - [TEST_STEP][PASSED] - if (Value == false): null&#xD;
&#xD;
2019-11-25 16:38:18 - [TEST_STEP][PASSED] - if (celltext == ExpectedValue): null&#xD;
&#xD;
2019-11-25 16:38:18 - [TEST_STEP][PASSED] - celltext = get(j).getText(): null&#xD;
&#xD;
2019-11-25 16:38:18 - [TEST_STEP][PASSED] - println("Cell Value Of row number " + i + " and column number " + j + " Is " + celltext): null&#xD;
&#xD;
2019-11-25 16:38:18 - [TEST_STEP][PASSED] - if (Value == false): null&#xD;
&#xD;
2019-11-25 16:38:18 - [TEST_STEP][PASSED] - if (celltext == ExpectedValue): null&#xD;
&#xD;
2019-11-25 16:38:18 - [TEST_STEP][PASSED] - tagName("a")).click(): null&#xD;
&#xD;
2019-11-25 16:38:25 - [TEST_STEP][PASSED] - waitForPageLoad(10): Wait for page load successfully&#xD;
&#xD;
2019-11-25 16:38:25 - [MESSAGE][PASSED] - Wait for page load successfully&#xD;
&#xD;
2019-11-25 16:38:25 - [TEST_STEP][PASSED] - click(findTestObject("Page_Heath Hembree Stats - Boston Red Sox - ESPN/a_Stats")): Object: 'Object Repository/Page_Heath Hembree Stats - Boston Red Sox - ESPN/a_Stats' is clicked on&#xD;
&#xD;
2019-11-25 16:38:30 - [MESSAGE][PASSED] - Object: 'Object Repository/Page_Heath Hembree Stats - Boston Red Sox - ESPN/a_Stats' is clicked on&#xD;
&#xD;
2019-11-25 16:38:30 - [TEST_STEP][PASSED] - waitForPageLoad(10): Wait for page load successfully&#xD;
&#xD;
2019-11-25 16:38:30 - [MESSAGE][PASSED] - Wait for page load successfully&#xD;
&#xD;
2019-11-25 16:38:30 - [TEST_STEP][PASSED] - Value = true: null&#xD;
&#xD;
2019-11-25 16:38:30 - [TEST_STEP][PASSED] - break: null&#xD;
&#xD;
2019-11-25 16:38:30 - [TEST_STEP][PASSED] - if (Value == true): null&#xD;
&#xD;
2019-11-25 16:38:30 - [TEST_STEP][PASSED] - break: null</system-out>
            <system-err></system-err>
        </testcase>
        <system-out>2019-11-25 16:37:10 - [TEST_SUITE][INCOMPLETE] - Multiple Test cases: null</system-out>
        <system-err>2019-11-25 16:37:10 - [TEST_SUITE][INCOMPLETE] - Multiple Test cases: null</system-err>
    </testsuite>
</testsuites>
