<?xml version="1.0" encoding="UTF-8" standalone="yes"?>
<testsuites name="TestSuiteForDataDrivenTests" time="38" tests="0" failures="1" errors="0">
    <testsuite name="TestSuiteForDataDrivenTests" tests="0" failures="1" errors="0" time="38" timestamp="2019-11-05 17:29:37" hostname="hemavathi - MSDES05.ad.matryxsoft.com" id="Test Suites/TestSuiteForDataDrivenTests">
        <properties>
            <property name="deviceName" value=""/>
            <property name="devicePlatform" value=""/>
            <property name="logFolder" value="D:\\Katalon sample projects\\Sample\\Reports\\20191105_172930\\TestSuiteForDataDrivenTests\\20191105_172930"/>
            <property name="logFiles" value="D:\\Katalon sample projects\\Sample\\Reports\\20191105_172930\\TestSuiteForDataDrivenTests\\20191105_172930\\execution0.log"/>
            <property name="attachments" value="D:\\Katalon sample projects\\Sample\\Reports\\20191105_172930\\TestSuiteForDataDrivenTests\\20191105_172930\\1572955212915.png, D:\\Katalon sample projects\\Sample\\Reports\\20191105_172930\\TestSuiteForDataDrivenTests\\20191105_172930\\1572955213030.png"/>
            <property name="hostName" value="hemavathi - MSDES05.ad.matryxsoft.com"/>
            <property name="os" value="Windows 7 64bit"/>
            <property name="katalonVersion" value="6.3.3.11"/>
            <property name="browser" value="Firefox 69.0"/>
            <property name="hostAddress" value="10.10.20.3"/>
            <property name="sessionId" value="3e04ac47-d539-44c9-abc7-d5cd06138504"/>
            <property name="seleniumVersion" value="3.141.59"/>
            <property name="proxyInformation" value="ProxyInformation{proxyOption=NO_PROXY, proxyServerType=HTTP, password=, proxyServerAddress=, proxyServerPort=0}"/>
            <property name="platform" value="Windows 7"/>
        </properties>
        <testcase name="Test Cases/DataDrivenTest/Test5_DatadrivenTest" classname="Test Cases/DataDrivenTest/Test5_DatadrivenTest" status="FAILED">
            <failure type="FAILED" message="Test Cases/DataDrivenTest/Test5_DatadrivenTest FAILED.&#xA;Reason:&#xA;com.kms.katalon.core.exception.StepFailedException: Unable to accept alert&#xD;&#xA;&#x9;at com.kms.katalon.core.webui.keyword.internal.WebUIKeywordMain.stepFailed(WebUIKeywordMain.groovy:64)&#xD;&#xA;&#x9;at com.kms.katalon.core.webui.keyword.internal.WebUIKeywordMain.runKeyword(WebUIKeywordMain.groovy:26)&#xD;&#xA;&#x9;at com.kms.katalon.core.webui.keyword.builtin.AcceptAlertKeyword.acceptAlert(AcceptAlertKeyword.groovy:71)&#xD;&#xA;&#x9;at com.kms.katalon.core.webui.keyword.builtin.AcceptAlertKeyword.execute(AcceptAlertKeyword.groovy:66)&#xD;&#xA;&#x9;at com.kms.katalon.core.keyword.internal.KeywordExecutor.executeKeywordForPlatform(KeywordExecutor.groovy:56)&#xD;&#xA;&#x9;at com.kms.katalon.core.webui.keyword.WebUiBuiltInKeywords.acceptAlert(WebUiBuiltInKeywords.groovy:1492)&#xD;&#xA;&#x9;at com.kms.katalon.core.webui.keyword.WebUiBuiltInKeywords$acceptAlert$3.call(Unknown Source)&#xD;&#xA;&#x9;at Test5_DatadrivenTest.run(Test5_DatadrivenTest:33)&#xD;&#xA;&#x9;at com.kms.katalon.core.main.ScriptEngine.run(ScriptEngine.java:194)&#xD;&#xA;&#x9;at com.kms.katalon.core.main.ScriptEngine.runScriptAsRawText(ScriptEngine.java:119)&#xD;&#xA;&#x9;at com.kms.katalon.core.main.TestCaseExecutor.runScript(TestCaseExecutor.java:337)&#xD;&#xA;&#x9;at com.kms.katalon.core.main.TestCaseExecutor.doExecute(TestCaseExecutor.java:328)&#xD;&#xA;&#x9;at com.kms.katalon.core.main.TestCaseExecutor.processExecutionPhase(TestCaseExecutor.java:307)&#xD;&#xA;&#x9;at com.kms.katalon.core.main.TestCaseExecutor.accessMainPhase(TestCaseExecutor.java:299)&#xD;&#xA;&#x9;at com.kms.katalon.core.main.TestCaseExecutor.execute(TestCaseExecutor.java:233)&#xD;&#xA;&#x9;at com.kms.katalon.core.main.TestSuiteExecutor.accessTestCaseMainPhase(TestSuiteExecutor.java:169)&#xD;&#xA;&#x9;at com.kms.katalon.core.main.TestSuiteExecutor.accessTestSuiteMainPhase(TestSuiteExecutor.java:142)&#xD;&#xA;&#x9;at com.kms.katalon.core.main.TestSuiteExecutor.execute(TestSuiteExecutor.java:91)&#xD;&#xA;&#x9;at com.kms.katalon.core.main.TestCaseMain.startTestSuite(TestCaseMain.java:157)&#xD;&#xA;&#x9;at com.kms.katalon.core.main.TestCaseMain$startTestSuite$0.call(Unknown Source)&#xD;&#xA;&#x9;at TempTestSuite1572955170343.run(TempTestSuite1572955170343.groovy:35)&#xD;&#xA;Caused by: com.kms.katalon.core.exception.StepFailedException: No alert found&#xD;&#xA;&#x9;at com.kms.katalon.core.webui.keyword.internal.WebUIKeywordMain.stepFailed(WebUIKeywordMain.groovy:64)&#xD;&#xA;&#x9;at com.kms.katalon.core.webui.keyword.builtin.AcceptAlertKeyword$_acceptAlert_closure1.doCall(AcceptAlertKeyword.groovy:78)&#xD;&#xA;&#x9;at com.kms.katalon.core.webui.keyword.builtin.AcceptAlertKeyword$_acceptAlert_closure1.call(AcceptAlertKeyword.groovy)&#xD;&#xA;&#x9;at com.kms.katalon.core.webui.keyword.internal.WebUIKeywordMain.runKeyword(WebUIKeywordMain.groovy:20)&#xD;&#xA;&#x9;... 19 more&#xD;&#xA;"/>
            <system-out>2019-11-05 17:29:37 - [TEST_CASE][FAILED] - Test Cases/DataDrivenTest/Test5_DatadrivenTest: Test Cases/DataDrivenTest/Test5_DatadrivenTest FAILED.
Reason:
com.kms.katalon.core.exception.StepFailedException: Unable to accept alert&#xD;
	at com.kms.katalon.core.webui.keyword.internal.WebUIKeywordMain.stepFailed(WebUIKeywordMain.groovy:64)&#xD;
	at com.kms.katalon.core.webui.keyword.internal.WebUIKeywordMain.runKeyword(WebUIKeywordMain.groovy:26)&#xD;
	at com.kms.katalon.core.webui.keyword.builtin.AcceptAlertKeyword.acceptAlert(AcceptAlertKeyword.groovy:71)&#xD;
	at com.kms.katalon.core.webui.keyword.builtin.AcceptAlertKeyword.execute(AcceptAlertKeyword.groovy:66)&#xD;
	at com.kms.katalon.core.keyword.internal.KeywordExecutor.executeKeywordForPlatform(KeywordExecutor.groovy:56)&#xD;
	at com.kms.katalon.core.webui.keyword.WebUiBuiltInKeywords.acceptAlert(WebUiBuiltInKeywords.groovy:1492)&#xD;
	at com.kms.katalon.core.webui.keyword.WebUiBuiltInKeywords$acceptAlert$3.call(Unknown Source)&#xD;
	at Test5_DatadrivenTest.run(Test5_DatadrivenTest:33)&#xD;
	at com.kms.katalon.core.main.ScriptEngine.run(ScriptEngine.java:194)&#xD;
	at com.kms.katalon.core.main.ScriptEngine.runScriptAsRawText(ScriptEngine.java:119)&#xD;
	at com.kms.katalon.core.main.TestCaseExecutor.runScript(TestCaseExecutor.java:337)&#xD;
	at com.kms.katalon.core.main.TestCaseExecutor.doExecute(TestCaseExecutor.java:328)&#xD;
	at com.kms.katalon.core.main.TestCaseExecutor.processExecutionPhase(TestCaseExecutor.java:307)&#xD;
	at com.kms.katalon.core.main.TestCaseExecutor.accessMainPhase(TestCaseExecutor.java:299)&#xD;
	at com.kms.katalon.core.main.TestCaseExecutor.execute(TestCaseExecutor.java:233)&#xD;
	at com.kms.katalon.core.main.TestSuiteExecutor.accessTestCaseMainPhase(TestSuiteExecutor.java:169)&#xD;
	at com.kms.katalon.core.main.TestSuiteExecutor.accessTestSuiteMainPhase(TestSuiteExecutor.java:142)&#xD;
	at com.kms.katalon.core.main.TestSuiteExecutor.execute(TestSuiteExecutor.java:91)&#xD;
	at com.kms.katalon.core.main.TestCaseMain.startTestSuite(TestCaseMain.java:157)&#xD;
	at com.kms.katalon.core.main.TestCaseMain$startTestSuite$0.call(Unknown Source)&#xD;
	at TempTestSuite1572955170343.run(TempTestSuite1572955170343.groovy:35)&#xD;
Caused by: com.kms.katalon.core.exception.StepFailedException: No alert found&#xD;
	at com.kms.katalon.core.webui.keyword.internal.WebUIKeywordMain.stepFailed(WebUIKeywordMain.groovy:64)&#xD;
	at com.kms.katalon.core.webui.keyword.builtin.AcceptAlertKeyword$_acceptAlert_closure1.doCall(AcceptAlertKeyword.groovy:78)&#xD;
	at com.kms.katalon.core.webui.keyword.builtin.AcceptAlertKeyword$_acceptAlert_closure1.call(AcceptAlertKeyword.groovy)&#xD;
	at com.kms.katalon.core.webui.keyword.internal.WebUIKeywordMain.runKeyword(WebUIKeywordMain.groovy:20)&#xD;
	... 19 more&#xD;
&#xD;
&#xD;
2019-11-05 17:29:37 - [TEST_STEP][PASSED] - openBrowser(""): Browser is opened with url: ''&#xD;
&#xD;
2019-11-05 17:29:38 - [MESSAGE][INFO] - Starting 'Firefox' driver&#xD;
&#xD;
2019-11-05 17:29:38 - [MESSAGE][INFO] - Action delay is set to 0 seconds&#xD;
&#xD;
2019-11-05 17:29:44 - [MESSAGE][PASSED] - Browser is opened with url: ''&#xD;
&#xD;
2019-11-05 17:29:44 - [TEST_STEP][PASSED] - navigateToUrl(url): Navigate to 'https://www.phptravels.net/login' successfully&#xD;
&#xD;
2019-11-05 17:29:54 - [MESSAGE][PASSED] - Navigate to 'https://www.phptravels.net/login' successfully&#xD;
&#xD;
2019-11-05 17:29:54 - [TEST_STEP][PASSED] - for ([rowNum = 1, rowNum &lt;= findTestData("Data1").getRowNumbers(), (rowNum++)]): null&#xD;
&#xD;
2019-11-05 17:29:55 - [TEST_STEP][PASSED] - setText(findTestObject("Test5_OR/Page_Login/input_Email_username"), findTestData("Data1").getValue(1, rowNum)): Text 'user@phptravelsrange.com' is set on object 'Object Repository/Test5_OR/Page_Login/input_Email_username'&#xD;
&#xD;
2019-11-05 17:29:56 - [MESSAGE][PASSED] - Text 'user@phptravelsrange.com' is set on object 'Object Repository/Test5_OR/Page_Login/input_Email_username'&#xD;
&#xD;
2019-11-05 17:29:56 - [TEST_STEP][PASSED] - setText(findTestObject("Test5_OR/Page_Login/input_Password_password"), findTestData("Data1").getValue(2, rowNum)): Text '6weEYLVRi3+STmppai9GiQ==' is set on object 'Object Repository/Test5_OR/Page_Login/input_Password_password'&#xD;
&#xD;
2019-11-05 17:29:56 - [MESSAGE][PASSED] - Text '6weEYLVRi3+STmppai9GiQ==' is set on object 'Object Repository/Test5_OR/Page_Login/input_Password_password'&#xD;
&#xD;
2019-11-05 17:29:56 - [TEST_STEP][PASSED] - Thread.sleep(3000): null&#xD;
&#xD;
2019-11-05 17:29:59 - [TEST_STEP][PASSED] - setText(findTestObject("Test5_OR/Page_Login/input_Email_username"), findTestData("Data1").getValue(1, rowNum)): Text 'hema@gmail.com' is set on object 'Object Repository/Test5_OR/Page_Login/input_Email_username'&#xD;
&#xD;
2019-11-05 17:29:59 - [MESSAGE][PASSED] - Text 'hema@gmail.com' is set on object 'Object Repository/Test5_OR/Page_Login/input_Email_username'&#xD;
&#xD;
2019-11-05 17:29:59 - [TEST_STEP][PASSED] - setText(findTestObject("Test5_OR/Page_Login/input_Password_password"), findTestData("Data1").getValue(2, rowNum)): Text '6weEYLVRi3+STmppai9GiQ==' is set on object 'Object Repository/Test5_OR/Page_Login/input_Password_password'&#xD;
&#xD;
2019-11-05 17:29:59 - [MESSAGE][PASSED] - Text '6weEYLVRi3+STmppai9GiQ==' is set on object 'Object Repository/Test5_OR/Page_Login/input_Password_password'&#xD;
&#xD;
2019-11-05 17:29:59 - [TEST_STEP][PASSED] - Thread.sleep(3000): null&#xD;
&#xD;
2019-11-05 17:30:02 - [TEST_STEP][PASSED] - setText(findTestObject("Test5_OR/Page_Login/input_Email_username"), findTestData("Data1").getValue(1, rowNum)): Text 'veda@gmail.com' is set on object 'Object Repository/Test5_OR/Page_Login/input_Email_username'&#xD;
&#xD;
2019-11-05 17:30:02 - [MESSAGE][PASSED] - Text 'veda@gmail.com' is set on object 'Object Repository/Test5_OR/Page_Login/input_Email_username'&#xD;
&#xD;
2019-11-05 17:30:02 - [TEST_STEP][PASSED] - setText(findTestObject("Test5_OR/Page_Login/input_Password_password"), findTestData("Data1").getValue(2, rowNum)): Text 'veda123' is set on object 'Object Repository/Test5_OR/Page_Login/input_Password_password'&#xD;
&#xD;
2019-11-05 17:30:02 - [MESSAGE][PASSED] - Text 'veda123' is set on object 'Object Repository/Test5_OR/Page_Login/input_Password_password'&#xD;
&#xD;
2019-11-05 17:30:02 - [TEST_STEP][PASSED] - Thread.sleep(3000): null&#xD;
&#xD;
2019-11-05 17:30:05 - [TEST_STEP][PASSED] - setText(findTestObject("Test5_OR/Page_Login/input_Email_username"), findTestData("Data1").getValue(1, rowNum)): Text '' is set on object 'Object Repository/Test5_OR/Page_Login/input_Email_username'&#xD;
&#xD;
2019-11-05 17:30:06 - [MESSAGE][PASSED] - Text '' is set on object 'Object Repository/Test5_OR/Page_Login/input_Email_username'&#xD;
&#xD;
2019-11-05 17:30:06 - [TEST_STEP][PASSED] - setText(findTestObject("Test5_OR/Page_Login/input_Password_password"), findTestData("Data1").getValue(2, rowNum)): Text '' is set on object 'Object Repository/Test5_OR/Page_Login/input_Password_password'&#xD;
&#xD;
2019-11-05 17:30:06 - [MESSAGE][PASSED] - Text '' is set on object 'Object Repository/Test5_OR/Page_Login/input_Password_password'&#xD;
&#xD;
2019-11-05 17:30:06 - [TEST_STEP][PASSED] - Thread.sleep(3000): null&#xD;
&#xD;
2019-11-05 17:30:09 - [TEST_STEP][PASSED] - setText(findTestObject("Test5_OR/Page_Login/input_Email_username"), findTestData("Data1").getValue(1, rowNum)): Text '' is set on object 'Object Repository/Test5_OR/Page_Login/input_Email_username'&#xD;
&#xD;
2019-11-05 17:30:09 - [MESSAGE][PASSED] - Text '' is set on object 'Object Repository/Test5_OR/Page_Login/input_Email_username'&#xD;
&#xD;
2019-11-05 17:30:09 - [TEST_STEP][PASSED] - setText(findTestObject("Test5_OR/Page_Login/input_Password_password"), findTestData("Data1").getValue(2, rowNum)): Text '' is set on object 'Object Repository/Test5_OR/Page_Login/input_Password_password'&#xD;
&#xD;
2019-11-05 17:30:09 - [MESSAGE][PASSED] - Text '' is set on object 'Object Repository/Test5_OR/Page_Login/input_Password_password'&#xD;
&#xD;
2019-11-05 17:30:09 - [TEST_STEP][PASSED] - Thread.sleep(3000): null&#xD;
&#xD;
2019-11-05 17:30:12 - [TEST_STEP][PASSED] - click(findTestObject("Test5_OR/Page_Login/button_Login")): Object: 'Object Repository/Test5_OR/Page_Login/button_Login' is clicked on&#xD;
&#xD;
2019-11-05 17:30:12 - [MESSAGE][PASSED] - Object: 'Object Repository/Test5_OR/Page_Login/button_Login' is clicked on&#xD;
&#xD;
2019-11-05 17:30:12 - [TEST_STEP][FAILED] - acceptAlert(): Unable to accept alert (Root cause: com.kms.katalon.core.exception.StepFailedException: Unable to accept alert&#xD;
	at com.kms.katalon.core.webui.keyword.internal.WebUIKeywordMain.stepFailed(WebUIKeywordMain.groovy:64)&#xD;
	at com.kms.katalon.core.webui.keyword.internal.WebUIKeywordMain.runKeyword(WebUIKeywordMain.groovy:26)&#xD;
	at com.kms.katalon.core.webui.keyword.builtin.AcceptAlertKeyword.acceptAlert(AcceptAlertKeyword.groovy:71)&#xD;
	at com.kms.katalon.core.webui.keyword.builtin.AcceptAlertKeyword.execute(AcceptAlertKeyword.groovy:66)&#xD;
	at com.kms.katalon.core.keyword.internal.KeywordExecutor.executeKeywordForPlatform(KeywordExecutor.groovy:56)&#xD;
	at com.kms.katalon.core.webui.keyword.WebUiBuiltInKeywords.acceptAlert(WebUiBuiltInKeywords.groovy:1492)&#xD;
	at com.kms.katalon.core.webui.keyword.WebUiBuiltInKeywords$acceptAlert$3.call(Unknown Source)&#xD;
	at Test5_DatadrivenTest.run(Test5_DatadrivenTest:33)&#xD;
	at com.kms.katalon.core.main.ScriptEngine.run(ScriptEngine.java:194)&#xD;
	at com.kms.katalon.core.main.ScriptEngine.runScriptAsRawText(ScriptEngine.java:119)&#xD;
	at com.kms.katalon.core.main.TestCaseExecutor.runScript(TestCaseExecutor.java:337)&#xD;
	at com.kms.katalon.core.main.TestCaseExecutor.doExecute(TestCaseExecutor.java:328)&#xD;
	at com.kms.katalon.core.main.TestCaseExecutor.processExecutionPhase(TestCaseExecutor.java:307)&#xD;
	at com.kms.katalon.core.main.TestCaseExecutor.accessMainPhase(TestCaseExecutor.java:299)&#xD;
	at com.kms.katalon.core.main.TestCaseExecutor.execute(TestCaseExecutor.java:233)&#xD;
	at com.kms.katalon.core.main.TestSuiteExecutor.accessTestCaseMainPhase(TestSuiteExecutor.java:169)&#xD;
	at com.kms.katalon.core.main.TestSuiteExecutor.accessTestSuiteMainPhase(TestSuiteExecutor.java:142)&#xD;
	at com.kms.katalon.core.main.TestSuiteExecutor.execute(TestSuiteExecutor.java:91)&#xD;
	at com.kms.katalon.core.main.TestCaseMain.startTestSuite(TestCaseMain.java:157)&#xD;
	at com.kms.katalon.core.main.TestCaseMain$startTestSuite$0.call(Unknown Source)&#xD;
	at TempTestSuite1572955170343.run(TempTestSuite1572955170343.groovy:35)&#xD;
Caused by: com.kms.katalon.core.exception.StepFailedException: No alert found&#xD;
	at com.kms.katalon.core.webui.keyword.internal.WebUIKeywordMain.stepFailed(WebUIKeywordMain.groovy:64)&#xD;
	at com.kms.katalon.core.webui.keyword.builtin.AcceptAlertKeyword$_acceptAlert_closure1.doCall(AcceptAlertKeyword.groovy:78)&#xD;
	at com.kms.katalon.core.webui.keyword.builtin.AcceptAlertKeyword$_acceptAlert_closure1.call(AcceptAlertKeyword.groovy)&#xD;
	at com.kms.katalon.core.webui.keyword.internal.WebUIKeywordMain.runKeyword(WebUIKeywordMain.groovy:20)&#xD;
	... 19 more&#xD;
)&#xD;
&#xD;
2019-11-05 17:30:13 - [MESSAGE][FAILED] - No alert found (Root cause: com.kms.katalon.core.exception.StepFailedException: No alert found&#xD;
	at com.kms.katalon.core.webui.keyword.internal.WebUIKeywordMain.stepFailed(WebUIKeywordMain.groovy:64)&#xD;
	at com.kms.katalon.core.webui.keyword.builtin.AcceptAlertKeyword$_acceptAlert_closure1.doCall(AcceptAlertKeyword.groovy:78)&#xD;
	at com.kms.katalon.core.webui.keyword.builtin.AcceptAlertKeyword$_acceptAlert_closure1.call(AcceptAlertKeyword.groovy)&#xD;
	at com.kms.katalon.core.webui.keyword.internal.WebUIKeywordMain.runKeyword(WebUIKeywordMain.groovy:20)&#xD;
	at com.kms.katalon.core.webui.keyword.builtin.AcceptAlertKeyword.acceptAlert(AcceptAlertKeyword.groovy:71)&#xD;
	at com.kms.katalon.core.webui.keyword.builtin.AcceptAlertKeyword.execute(AcceptAlertKeyword.groovy:66)&#xD;
	at com.kms.katalon.core.keyword.internal.KeywordExecutor.executeKeywordForPlatform(KeywordExecutor.groovy:56)&#xD;
	at com.kms.katalon.core.webui.keyword.WebUiBuiltInKeywords.acceptAlert(WebUiBuiltInKeywords.groovy:1492)&#xD;
	at com.kms.katalon.core.webui.keyword.WebUiBuiltInKeywords$acceptAlert$3.call(Unknown Source)&#xD;
	at Test5_DatadrivenTest.run(Test5_DatadrivenTest:33)&#xD;
	at com.kms.katalon.core.main.ScriptEngine.run(ScriptEngine.java:194)&#xD;
	at com.kms.katalon.core.main.ScriptEngine.runScriptAsRawText(ScriptEngine.java:119)&#xD;
	at com.kms.katalon.core.main.TestCaseExecutor.runScript(TestCaseExecutor.java:337)&#xD;
	at com.kms.katalon.core.main.TestCaseExecutor.doExecute(TestCaseExecutor.java:328)&#xD;
	at com.kms.katalon.core.main.TestCaseExecutor.processExecutionPhase(TestCaseExecutor.java:307)&#xD;
	at com.kms.katalon.core.main.TestCaseExecutor.accessMainPhase(TestCaseExecutor.java:299)&#xD;
	at com.kms.katalon.core.main.TestCaseExecutor.execute(TestCaseExecutor.java:233)&#xD;
	at com.kms.katalon.core.main.TestSuiteExecutor.accessTestCaseMainPhase(TestSuiteExecutor.java:169)&#xD;
	at com.kms.katalon.core.main.TestSuiteExecutor.accessTestSuiteMainPhase(TestSuiteExecutor.java:142)&#xD;
	at com.kms.katalon.core.main.TestSuiteExecutor.execute(TestSuiteExecutor.java:91)&#xD;
	at com.kms.katalon.core.main.TestCaseMain.startTestSuite(TestCaseMain.java:157)&#xD;
	at com.kms.katalon.core.main.TestCaseMain$startTestSuite$0.call(Unknown Source)&#xD;
	at TempTestSuite1572955170343.run(TempTestSuite1572955170343.groovy:35)&#xD;
)&#xD;
[[ATTACHMENT|D:\\Katalon sample projects\\Sample\\Reports\\20191105_172930\\TestSuiteForDataDrivenTests\\20191105_172930\\1572955212915.png]]&#xD;
&#xD;
2019-11-05 17:30:13 - [MESSAGE][FAILED] - Unable to accept alert (Root cause: com.kms.katalon.core.exception.StepFailedException: Unable to accept alert&#xD;
	at com.kms.katalon.core.webui.keyword.internal.WebUIKeywordMain.stepFailed(WebUIKeywordMain.groovy:64)&#xD;
	at com.kms.katalon.core.webui.keyword.internal.WebUIKeywordMain.runKeyword(WebUIKeywordMain.groovy:26)&#xD;
	at com.kms.katalon.core.webui.keyword.builtin.AcceptAlertKeyword.acceptAlert(AcceptAlertKeyword.groovy:71)&#xD;
	at com.kms.katalon.core.webui.keyword.builtin.AcceptAlertKeyword.execute(AcceptAlertKeyword.groovy:66)&#xD;
	at com.kms.katalon.core.keyword.internal.KeywordExecutor.executeKeywordForPlatform(KeywordExecutor.groovy:56)&#xD;
	at com.kms.katalon.core.webui.keyword.WebUiBuiltInKeywords.acceptAlert(WebUiBuiltInKeywords.groovy:1492)&#xD;
	at com.kms.katalon.core.webui.keyword.WebUiBuiltInKeywords$acceptAlert$3.call(Unknown Source)&#xD;
	at Test5_DatadrivenTest.run(Test5_DatadrivenTest:33)&#xD;
	at com.kms.katalon.core.main.ScriptEngine.run(ScriptEngine.java:194)&#xD;
	at com.kms.katalon.core.main.ScriptEngine.runScriptAsRawText(ScriptEngine.java:119)&#xD;
	at com.kms.katalon.core.main.TestCaseExecutor.runScript(TestCaseExecutor.java:337)&#xD;
	at com.kms.katalon.core.main.TestCaseExecutor.doExecute(TestCaseExecutor.java:328)&#xD;
	at com.kms.katalon.core.main.TestCaseExecutor.processExecutionPhase(TestCaseExecutor.java:307)&#xD;
	at com.kms.katalon.core.main.TestCaseExecutor.accessMainPhase(TestCaseExecutor.java:299)&#xD;
	at com.kms.katalon.core.main.TestCaseExecutor.execute(TestCaseExecutor.java:233)&#xD;
	at com.kms.katalon.core.main.TestSuiteExecutor.accessTestCaseMainPhase(TestSuiteExecutor.java:169)&#xD;
	at com.kms.katalon.core.main.TestSuiteExecutor.accessTestSuiteMainPhase(TestSuiteExecutor.java:142)&#xD;
	at com.kms.katalon.core.main.TestSuiteExecutor.execute(TestSuiteExecutor.java:91)&#xD;
	at com.kms.katalon.core.main.TestCaseMain.startTestSuite(TestCaseMain.java:157)&#xD;
	at com.kms.katalon.core.main.TestCaseMain$startTestSuite$0.call(Unknown Source)&#xD;
	at TempTestSuite1572955170343.run(TempTestSuite1572955170343.groovy:35)&#xD;
Caused by: com.kms.katalon.core.exception.StepFailedException: No alert found&#xD;
	at com.kms.katalon.core.webui.keyword.internal.WebUIKeywordMain.stepFailed(WebUIKeywordMain.groovy:64)&#xD;
	at com.kms.katalon.core.webui.keyword.builtin.AcceptAlertKeyword$_acceptAlert_closure1.doCall(AcceptAlertKeyword.groovy:78)&#xD;
	at com.kms.katalon.core.webui.keyword.builtin.AcceptAlertKeyword$_acceptAlert_closure1.call(AcceptAlertKeyword.groovy)&#xD;
	at com.kms.katalon.core.webui.keyword.internal.WebUIKeywordMain.runKeyword(WebUIKeywordMain.groovy:20)&#xD;
	... 19 more&#xD;
)&#xD;
[[ATTACHMENT|D:\\Katalon sample projects\\Sample\\Reports\\20191105_172930\\TestSuiteForDataDrivenTests\\20191105_172930\\1572955213030.png]]</system-out>
            <system-err>2019-11-05 17:29:37 - [TEST_CASE][FAILED] - Test Cases/DataDrivenTest/Test5_DatadrivenTest: Test Cases/DataDrivenTest/Test5_DatadrivenTest FAILED.
Reason:
com.kms.katalon.core.exception.StepFailedException: Unable to accept alert&#xD;
	at com.kms.katalon.core.webui.keyword.internal.WebUIKeywordMain.stepFailed(WebUIKeywordMain.groovy:64)&#xD;
	at com.kms.katalon.core.webui.keyword.internal.WebUIKeywordMain.runKeyword(WebUIKeywordMain.groovy:26)&#xD;
	at com.kms.katalon.core.webui.keyword.builtin.AcceptAlertKeyword.acceptAlert(AcceptAlertKeyword.groovy:71)&#xD;
	at com.kms.katalon.core.webui.keyword.builtin.AcceptAlertKeyword.execute(AcceptAlertKeyword.groovy:66)&#xD;
	at com.kms.katalon.core.keyword.internal.KeywordExecutor.executeKeywordForPlatform(KeywordExecutor.groovy:56)&#xD;
	at com.kms.katalon.core.webui.keyword.WebUiBuiltInKeywords.acceptAlert(WebUiBuiltInKeywords.groovy:1492)&#xD;
	at com.kms.katalon.core.webui.keyword.WebUiBuiltInKeywords$acceptAlert$3.call(Unknown Source)&#xD;
	at Test5_DatadrivenTest.run(Test5_DatadrivenTest:33)&#xD;
	at com.kms.katalon.core.main.ScriptEngine.run(ScriptEngine.java:194)&#xD;
	at com.kms.katalon.core.main.ScriptEngine.runScriptAsRawText(ScriptEngine.java:119)&#xD;
	at com.kms.katalon.core.main.TestCaseExecutor.runScript(TestCaseExecutor.java:337)&#xD;
	at com.kms.katalon.core.main.TestCaseExecutor.doExecute(TestCaseExecutor.java:328)&#xD;
	at com.kms.katalon.core.main.TestCaseExecutor.processExecutionPhase(TestCaseExecutor.java:307)&#xD;
	at com.kms.katalon.core.main.TestCaseExecutor.accessMainPhase(TestCaseExecutor.java:299)&#xD;
	at com.kms.katalon.core.main.TestCaseExecutor.execute(TestCaseExecutor.java:233)&#xD;
	at com.kms.katalon.core.main.TestSuiteExecutor.accessTestCaseMainPhase(TestSuiteExecutor.java:169)&#xD;
	at com.kms.katalon.core.main.TestSuiteExecutor.accessTestSuiteMainPhase(TestSuiteExecutor.java:142)&#xD;
	at com.kms.katalon.core.main.TestSuiteExecutor.execute(TestSuiteExecutor.java:91)&#xD;
	at com.kms.katalon.core.main.TestCaseMain.startTestSuite(TestCaseMain.java:157)&#xD;
	at com.kms.katalon.core.main.TestCaseMain$startTestSuite$0.call(Unknown Source)&#xD;
	at TempTestSuite1572955170343.run(TempTestSuite1572955170343.groovy:35)&#xD;
Caused by: com.kms.katalon.core.exception.StepFailedException: No alert found&#xD;
	at com.kms.katalon.core.webui.keyword.internal.WebUIKeywordMain.stepFailed(WebUIKeywordMain.groovy:64)&#xD;
	at com.kms.katalon.core.webui.keyword.builtin.AcceptAlertKeyword$_acceptAlert_closure1.doCall(AcceptAlertKeyword.groovy:78)&#xD;
	at com.kms.katalon.core.webui.keyword.builtin.AcceptAlertKeyword$_acceptAlert_closure1.call(AcceptAlertKeyword.groovy)&#xD;
	at com.kms.katalon.core.webui.keyword.internal.WebUIKeywordMain.runKeyword(WebUIKeywordMain.groovy:20)&#xD;
	... 19 more</system-err>
        </testcase>
        <system-out>2019-11-05 17:29:37 - [TEST_SUITE][INCOMPLETE] - TestSuiteForDataDrivenTests: null</system-out>
        <system-err>2019-11-05 17:29:37 - [TEST_SUITE][INCOMPLETE] - TestSuiteForDataDrivenTests: null</system-err>
    </testsuite>
</testsuites>
